#
# A fatal error has been detected by the Java Runtime Environment:
#
#  Internal Error (0xc06d007e), pid=11036, tid=0x0000000000007708
#
# JRE version:  (8.0_321-b07) (build )
# Java VM: Java HotSpot(TM) 64-Bit Server VM (25.321-b07 mixed mode windows-amd64 compressed oops)
# Problematic frame:
# C  [KERNELBASE.dll+0x4466c]
#
# Failed to write core dump. Minidumps are not enabled by default on client versions of Windows
#
# If you would like to submit a bug report, please visit:
#   http://bugreport.java.com/bugreport/crash.jsp
# The crash happened outside the Java Virtual Machine in native code.
# See problematic frame for where to report the bug.
#

---------------  T H R E A D  ---------------

Current thread (0x0000023d84ac7000):  JavaThread "main" [_thread_in_native, id=30472, stack(0x0000009885b00000,0x0000009885c00000)]

siginfo: ExceptionCode=0xc06d007e, ExceptionInformation=0x0000009885bfeae0 

Registers:
RAX=0x0000000000000000, RBX=0x0000000000000000, RCX=0x0000023d984c2580, RDX=0x0000000000000000
RSP=0x0000009885bfe9e0, RBP=0x0000009885bfeb38, RSI=0x00007ff89ccbde9c, RDI=0x0000000000000000
R8 =0x0000000002000002, R9 =0x0000023d84a930fc, R10=0x00007ff8b8e0964d, R11=0x0000000000000100
R12=0x00007ff89ccc6510, R13=0x00007ff89ccbdf28, R14=0x00007ff89ccc6780, R15=0x0000000000000001
RIP=0x00007ff8b67e466c, EFLAGS=0x0000000000000206

Top of Stack: (sp=0x0000009885bfe9e0)
0x0000009885bfe9e0:   0000000000000001 0000000000000000
0x0000009885bfe9f0:   00007ff89ccbde9c 00007ff89ccc6510
0x0000009885bfea00:   00000080c06d007e 0000000000000000
0x0000009885bfea10:   00007ff8b67e466c 0000023d00000001
0x0000009885bfea20:   0000009885bfeae0 0000000000000000
0x0000009885bfea30:   0000000000000000 00007ff8b681b784
0x0000009885bfea40:   0000000000000000 00007ff8b8e28527
0x0000009885bfea50:   0000009885bfeaa0 00007ff89ccbde9c
0x0000009885bfea60:   00007ff89ccc6780 0000000000000000
0x0000009885bfea70:   0000000000000000 00007ff8b681b470
0x0000009885bfea80:   0000009800000000 0000000000000000
0x0000009885bfea90:   00007ff89ccbde9c 0000000000000000
0x0000009885bfeaa0:   000040f36ff60566 0000000000000000
0x0000009885bfeab0:   0000000000000000 00007ff89ccb8926
0x0000009885bfeac0:   0000000000000000 000000007ffe0385
0x0000009885bfead0:   0000000000000000 0000009885bfec20 

Instructions: (pc=0x00007ff8b67e466c)
0x00007ff8b67e464c:   0f 46 c0 44 8b c0 44 89 44 24 38 49 c1 e0 03 e8
0x00007ff8b67e465c:   17 36 07 00 48 8d 4c 24 20 48 ff 15 4c 86 1f 00
0x00007ff8b67e466c:   0f 1f 44 00 00 48 8b 8c 24 c0 00 00 00 48 33 cc
0x00007ff8b67e467c:   e8 df b0 06 00 48 81 c4 d8 00 00 00 c3 cc 83 64 


Register to memory mapping:

RAX=0x0000000000000000 is an unknown value
RBX=0x0000000000000000 is an unknown value
RCX=0x0000023d984c2580 is an unknown value
RDX=0x0000000000000000 is an unknown value
RSP=0x0000009885bfe9e0 is pointing into the stack for thread: 0x0000023d84ac7000
RBP=0x0000009885bfeb38 is pointing into the stack for thread: 0x0000023d84ac7000
RSI=0x00007ff89ccbde9c is an unknown value
RDI=0x0000000000000000 is an unknown value
R8 =0x0000000002000002 is an unknown value
R9 =0x0000023d84a930fc is an unknown value
R10=0x00007ff8b8e0964d is an unknown value
R11=0x0000000000000100 is an unknown value
R12=0x00007ff89ccc6510 is an unknown value
R13=0x00007ff89ccbdf28 is an unknown value
R14=0x00007ff89ccc6780 is an unknown value
R15=0x0000000000000001 is an unknown value


Stack: [0x0000009885b00000,0x0000009885c00000],  sp=0x0000009885bfe9e0,  free space=1018k
Native frames: (J=compiled Java code, j=interpreted, Vv=VM code, C=native code)
C  [KERNELBASE.dll+0x4466c]
C  [java.dll+0x18926]
C  [java.dll+0x183a2]
C  [java.dll+0xd953]
C  [java.dll+0xd19d]
C  [java.dll+0x5c8d]
C  0x0000023d86464747

Java frames: (J=compiled Java code, j=interpreted, Vv=VM code)
j  java.lang.System.initProperties(Ljava/util/Properties;)Ljava/util/Properties;+0
j  java.lang.System.initializeSystemClass()V+13
v  ~StubRoutines::call_stub

---------------  P R O C E S S  ---------------

Java Threads: ( => current thread )
  0x0000023d984bf000 JavaThread "Finalizer" daemon [_thread_blocked, id=32816, stack(0x0000009886000000,0x0000009886100000)]
  0x0000023d989a4000 JavaThread "Reference Handler" daemon [_thread_blocked, id=32812, stack(0x0000009885f00000,0x0000009886000000)]
=>0x0000023d84ac7000 JavaThread "main" [_thread_in_native, id=30472, stack(0x0000009885b00000,0x0000009885c00000)]

Other Threads:
  0x0000023d98983800 VMThread [stack: 0x0000009885e00000,0x0000009885f00000] [id=20464]

VM state:not at safepoint (normal execution)

VM Mutex/Monitor currently owned by a thread: None

heap address: 0x00000000c2c00000, size: 980 MB, Compressed Oops mode: 32-bit
Narrow klass base: 0x0000000000000000, Narrow klass shift: 3
Compressed class space size: 1073741824 Address: 0x0000000100000000

Heap:
 PSYoungGen      total 18432K, used 317K [0x00000000eb980000, 0x00000000ece00000, 0x0000000100000000)
  eden space 15872K, 2% used [0x00000000eb980000,0x00000000eb9cf5d0,0x00000000ec900000)
  from space 2560K, 0% used [0x00000000ecb80000,0x00000000ecb80000,0x00000000ece00000)
  to   space 2560K, 0% used [0x00000000ec900000,0x00000000ec900000,0x00000000ecb80000)
 ParOldGen       total 42496K, used 0K [0x00000000c2c00000, 0x00000000c5580000, 0x00000000eb980000)
  object space 42496K, 0% used [0x00000000c2c00000,0x00000000c2c00000,0x00000000c5580000)
 Metaspace       used 1126K, capacity 4480K, committed 4480K, reserved 1056768K
  class space    used 117K, capacity 384K, committed 384K, reserved 1048576K

Card table byte_map: [0x0000023d95800000,0x0000023d959f0000] byte_map_base: 0x0000023d951ea000

Marking Bits: (ParMarkBitMap*) 0x00000000775c9030
 Begin Bits: [0x0000023d95b40000, 0x0000023d96a90000)
 End Bits:   [0x0000023d96a90000, 0x0000023d979e0000)

Polling page: 0x0000023d84c10000

CodeCache: size=245760Kb used=411Kb max_used=411Kb free=245348Kb
 bounds [0x0000023d86440000, 0x0000023d866b0000, 0x0000023d95440000]
 total_blobs=102 nmethods=0 adapters=77
 compilation: enabled

Compilation events (0 events):
No events

GC Heap History (0 events):
No events

Deoptimization events (0 events):
No events

Classes redefined (0 events):
No events

Internal exceptions (2 events):
Event: 18.674 Thread 0x0000023d84ac7000 Exception <a 'java/lang/NoSuchMethodError': Method sun.misc.Unsafe.defineClass(Ljava/lang/String;[BII)Ljava/lang/Class; name or signature does not match> (0x00000000eb987cc0) thrown at [C:\jenkins\workspace\8-2-build-windows-amd64-cygwin\jdk8u321\2141\hot
Event: 18.674 Thread 0x0000023d84ac7000 Exception <a 'java/lang/NoSuchMethodError': Method sun.misc.Unsafe.prefetchRead(Ljava/lang/Object;J)V name or signature does not match> (0x00000000eb987fa8) thrown at [C:\jenkins\workspace\8-2-build-windows-amd64-cygwin\jdk8u321\2141\hotspot\src\share\vm\

Events (10 events):
Event: 18.675 loading class java/util/HashMap$Node done
Event: 18.676 loading class sun/misc/VM
Event: 18.676 loading class sun/misc/VM done
Event: 18.676 loading class java/util/Hashtable$Entry
Event: 18.676 loading class java/util/Hashtable$Entry done
Event: 18.676 loading class java/lang/Math
Event: 18.677 loading class java/lang/Math done
Event: 18.677 loading class java/lang/ref/Finalizer$FinalizerThread
Event: 18.677 loading class java/lang/ref/Finalizer$FinalizerThread done
Event: 18.677 Thread 0x0000023d984bf000 Thread added: 0x0000023d984bf000


Dynamic libraries:
0x00007ff6210d0000 - 0x00007ff621117000 	C:\Program Files\Java\jdk1.8.0_321\bin\java.exe
0x00007ff8b8de0000 - 0x00007ff8b8fe9000 	C:\WINDOWS\SYSTEM32\ntdll.dll
0x00007ff8b8680000 - 0x00007ff8b873d000 	C:\WINDOWS\System32\KERNEL32.DLL
0x00007ff8b67a0000 - 0x00007ff8b6b14000 	C:\WINDOWS\System32\KERNELBASE.dll
0x00007ff8b8500000 - 0x00007ff8b85ae000 	C:\WINDOWS\System32\ADVAPI32.dll
0x00007ff8b8c80000 - 0x00007ff8b8d23000 	C:\WINDOWS\System32\msvcrt.dll
0x00007ff8b6da0000 - 0x00007ff8b6e3e000 	C:\WINDOWS\System32\sechost.dll
0x00007ff8b7450000 - 0x00007ff8b7570000 	C:\WINDOWS\System32\RPCRT4.dll
0x00007ff8b8010000 - 0x00007ff8b81bc000 	C:\WINDOWS\System32\USER32.dll
0x00007ff8b62d0000 - 0x00007ff8b62f6000 	C:\WINDOWS\System32\win32u.dll
0x00007ff8b83e0000 - 0x00007ff8b8409000 	C:\WINDOWS\System32\GDI32.dll
0x00007ff8b6600000 - 0x00007ff8b6712000 	C:\WINDOWS\System32\gdi32full.dll
0x00007ff8b6b20000 - 0x00007ff8b6bbd000 	C:\WINDOWS\System32\msvcp_win.dll
0x00007ff8b6300000 - 0x00007ff8b6411000 	C:\WINDOWS\System32\ucrtbase.dll
0x00007ff8a43c0000 - 0x00007ff8a4665000 	C:\WINDOWS\WinSxS\amd64_microsoft.windows.common-controls_6595b64144ccf1df_6.0.22000.120_none_9d947278b86cc467\COMCTL32.dll
0x00007ff8b88b0000 - 0x00007ff8b88e1000 	C:\WINDOWS\System32\IMM32.DLL
0x00007ff89d780000 - 0x00007ff89d795000 	C:\Program Files\Java\jdk1.8.0_321\jre\bin\vcruntime140.dll
0x00007ff885230000 - 0x00007ff8852cb000 	C:\Program Files\Java\jdk1.8.0_321\jre\bin\msvcp140.dll
0x0000000076de0000 - 0x0000000077641000 	C:\Program Files\Java\jdk1.8.0_321\jre\bin\server\jvm.dll
0x00007ff8b88f0000 - 0x00007ff8b88f8000 	C:\WINDOWS\System32\PSAPI.DLL
0x00007ff8afc00000 - 0x00007ff8afc33000 	C:\WINDOWS\SYSTEM32\WINMM.dll
0x00007ff8a97d0000 - 0x00007ff8a97da000 	C:\WINDOWS\SYSTEM32\VERSION.dll
0x00007ff8a4cb0000 - 0x00007ff8a4cb9000 	C:\WINDOWS\SYSTEM32\WSOCK32.dll
0x00007ff8b8d30000 - 0x00007ff8b8d9f000 	C:\WINDOWS\System32\WS2_32.dll
0x00007ff8b5440000 - 0x00007ff8b5458000 	C:\WINDOWS\SYSTEM32\kernel.appcore.dll
0x00007ff8a4ca0000 - 0x00007ff8a4cb0000 	C:\Program Files\Java\jdk1.8.0_321\jre\bin\verify.dll
0x00007ff89cca0000 - 0x00007ff89cccb000 	C:\Program Files\Java\jdk1.8.0_321\jre\bin\java.dll
0x00007ff89dff0000 - 0x00007ff89e026000 	C:\Program Files\Java\jdk1.8.0_321\jre\bin\jdwp.dll
0x00007ff89ce80000 - 0x00007ff89ce89000 	C:\Program Files\Java\jdk1.8.0_321\jre\bin\npt.dll
0x00007ff89d120000 - 0x00007ff89d138000 	C:\Program Files\Java\jdk1.8.0_321\jre\bin\zip.dll
0x00007ff8b3e50000 - 0x00007ff8b4071000 	C:\WINDOWS\SYSTEM32\dbghelp.dll
0x00007ff8b6720000 - 0x00007ff8b679f000 	C:\WINDOWS\System32\bcryptPrimitives.dll

VM Arguments:
jvm_args: -Dfile.encoding=UTF-8 -agentlib:jdwp=transport=dt_shmem,address=javadebug9427 
java_command: Posttest_1.TampilData
java_class_path (initial): C:\Users\user\ahhh\B1_PBO\2009106111_TriYolaDevi\build\classes
Launcher Type: SUN_STANDARD

Environment Variables:
PATH=C:\Program Files (x86)\Common Files\Oracle\Java\javapath;C:\Program Files (x86)\Intel\TXE Components\iCLS\;C:\Program Files\Intel\TXE Components\iCLS\;C:\WINDOWS\system32;C:\WINDOWS;C:\WINDOWS\System32\Wbem;C:\WINDOWS\System32\WindowsPowerShell\v1.0\;C:\Program Files\Intel\TXE Components\DAL\;C:\Program Files (x86)\Intel\TXE Components\DAL\;C:\Program Files\Intel\TXE Components\IPT\;C:\Program Files (x86)\Intel\TXE Components\IPT\;C:\WINDOWS\System32\OpenSSH\;C:\Users\user\AppData\Roaming\Python\Python39\Scripts;C:\Program Files\Git\cmd;C:\Users\user\AppData\Local\Programs\Python\Python39\Scripts\;C:\Users\user\AppData\Local\Programs\Python\Python39\;C:\Users\user\AppData\Local\Microsoft\WindowsApps;C:\Users\user\AppData\Local\Programs\Microsoft VS Code\bin;
USERNAME=user
OS=Windows_NT
PROCESSOR_IDENTIFIER=Intel64 Family 6 Model 122 Stepping 1, GenuineIntel



---------------  S Y S T E M  ---------------

OS: Windows 11 , 64 bit Build 22000 (10.0.22000.613)

CPU:total 2 (initial active 2) (2 cores per cpu, 1 threads per core) family 6 model 122 stepping 1, cmov, cx8, fxsr, mmx, sse, sse2, sse3, ssse3, sse4.1, sse4.2, popcnt, aes, clmul, erms, 3dnowpref, tsc, tscinvbit

Memory: 4k page, physical 4013168k(157160k free), swap 16071792k(31860k free)

vm_info: Java HotSpot(TM) 64-Bit Server VM (25.321-b07) for windows-amd64 JRE (1.8.0_321-b07), built on Dec 15 2021 11:19:20 by "java_re" with MS VC++ 15.9 (VS2017)

time: Wed May 18 20:46:02 2022
timezone: Malay Peninsula Standard Time
elapsed time: 23.707240 seconds (0d 0h 0m 23s)

